<?xml version="1.0" encoding="UTF-8"?>
<!-- Generated by org.testng.reporters.JUnitReportReporter -->
<testsuite skipped="0" hostname="IN45204314W2" name="com.qa.hs.test.LoginTest" tests="1" failures="0" timestamp="06 Apr 2019 09:45:26 GMT" time="11.292" errors="0">
  <testcase name="loginTest" time="11.292" classname="com.qa.hs.test.LoginTest"/>
</testsuite> <!-- com.qa.hs.test.LoginTest -->
